build/app/outputs/mapping/release/mapping.txt
# compiler: R8
# compiler_version: 1.5.64
# min_api: 16
# pg_map_id: 61b1509
com.example.doorstep_resident.MainActivity -> com.example.doorstep_resident.MainActivity:
    void configureFlutterEngine(io.flutter.embedding.engine.FlutterEngine) -> b
...
com.google.firebase.firestore.remote.AbstractStream$CloseGuardedRunner -> com.google.firebase.firestore.t0.b$a:
    com.google.firebase.firestore.remote.AbstractStream this$0 -> b
    long initialCloseCount -> a
    void run(java.lang.Runnable) -> a
com.google.firebase.firestore.remote.AbstractStream$IdleTimeoutRunnable -> com.google.firebase.firestore.t0.b$b:
    com.google.firebase.firestore.remote.AbstractStream this$0 -> a
com.google.firebase.firestore.remote.AbstractStream$StreamObserver -> com.google.firebase.firestore.t0.b$c:
    com.google.firebase.firestore.remote.AbstractStream$CloseGuardedRunner dispatcher -> a
    com.google.firebase.firestore.remote.AbstractStream this$0 -> b
    void lambda$onClose$3(com.google.firebase.firestore.remote.AbstractStream$StreamObserver,io.grpc.Status) -> a
    void lambda$onHeaders$0(com.google.firebase.firestore.remote.AbstractStream$StreamObserver,io.grpc.Metadata) -> a
    void lambda$onNext$1(com.google.firebase.firestore.remote.AbstractStream$StreamObserver,java.lang.Object) -> a
    void lambda$onOpen$2(com.google.firebase.firestore.remote.AbstractStream$StreamObserver) -> a
    void onClose(io.grpc.Status) -> a
    void onHeaders(io.grpc.Metadata) -> a
    void onNext(java.lang.Object) -> a
    void onOpen() -> a
com.google.firebase.firestore.remote.AbstractStream$StreamObserver$$Lambda$1 -> com.google.firebase.firestore.t0.c:
    io.grpc.Metadata arg$2 -> b
    com.google.firebase.firestore.remote.AbstractStream$StreamObserver arg$1 -> a
    java.lang.Runnable lambdaFactory$(com.google.firebase.firestore.remote.AbstractStream$StreamObserver,io.grpc.Metadata) -> a
com.google.firebase.firestore.remote.AbstractStream$StreamObserver$$Lambda$2 -> com.google.firebase.firestore.t0.d:
    java.lang.Object arg$2 -> b
    com.google.firebase.firestore.remote.AbstractStream$StreamObserver arg$1 -> a
    java.lang.Runnable lambdaFactory$(com.google.firebase.firestore.remote.AbstractStream$StreamObserver,java.lang.Object) -> a
com.google.firebase.firestore.remote.AbstractStream$StreamObserver$$Lambda$3 -> com.google.firebase.firestore.t0.e:
    com.google.firebase.firestore.remote.AbstractStream$StreamObserver arg$1 -> a
    java.lang.Runnable lambdaFactory$(com.google.firebase.firestore.remote.AbstractStream$StreamObserver) -> a
com.google.firebase.firestore.remote.AbstractStream$StreamObserver$$Lambda$4 -> com.google.firebase.firestore.t0.f:
    io.grpc.Status arg$2 -> b
    com.google.firebase.firestore.remote.AbstractStream$StreamObserver arg$1 -> a
    java.lang.Runnable lambdaFactory$(com.google.firebase.firestore.remote.AbstractStream$StreamObserver,io.grpc.Status) -> a
com.google.firebase.firestore.remote.AndroidConnectivityMonitor -> com.google.firebase.firestore.t0.g:
    android.content.Context context -> a
    android.net.ConnectivityManager connectivityManager -> b
    java.util.List callbacks -> c
    android.net.ConnectivityManager access$100(com.google.firebase.firestore.remote.AndroidConnectivityMonitor) -> a
    void addCallback(com.google.firebase.firestore.util.Consumer) -> a
    void configureNetworkMonitoring() -> a
    android.content.Context access$300(com.google.firebase.firestore.remote.AndroidConnectivityMonitor) -> b
    java.util.List access$400(com.google.firebase.firestore.remote.AndroidConnectivityMonitor) -> c
com.google.firebase.firestore.remote.AndroidConnectivityMonitor$1 -> com.google.firebase.firestore.t0.g$a:
    com.google.firebase.firestore.remote.AndroidConnectivityMonitor$DefaultNetworkCallback val$defaultNetworkCallback -> a
    com.google.firebase.firestore.remote.AndroidConnectivityMonitor this$0 -> b
com.google.firebase.firestore.remote.AndroidConnectivityMonitor$2 -> com.google.firebase.firestore.t0.g$b:
    com.google.firebase.firestore.remote.AndroidConnectivityMonitor$NetworkReceiver val$networkReceiver -> a
    com.google.firebase.firestore.remote.AndroidConnectivityMonitor this$0 -> b